<?xml version="1.0" encoding="UTF-8"?>
<coverage generated="1776494803404" clover="3.2.0">
  <project timestamp="1776494803404" name="All files">
    <metrics statements="48" coveredstatements="48" conditionals="39" coveredconditionals="36" methods="11" coveredmethods="11" elements="98" coveredelements="95" complexity="0" loc="48" ncloc="48" packages="1" files="2" classes="2"/>
    <file name="mockApi.ts" path="C:\Users\deepa\Downloads\CrowdGuard-AI\src\lib\mockApi.ts">
      <metrics statements="15" coveredstatements="15" conditionals="20" coveredconditionals="17" methods="3" coveredmethods="3"/>
      <line num="3" count="1" type="stmt"/>
      <line num="14" count="1" type="stmt"/>
      <line num="15" count="211" type="cond" truecount="1" falsecount="0"/>
      <line num="16" count="181" type="cond" truecount="1" falsecount="0"/>
      <line num="17" count="82" type="cond" truecount="1" falsecount="0"/>
      <line num="18" count="30" type="stmt"/>
      <line num="21" count="1" type="stmt"/>
      <line num="22" count="25" type="stmt"/>
      <line num="24" count="200" type="cond" truecount="1" falsecount="0"/>
      <line num="25" count="4" type="cond" truecount="13" falsecount="3"/>
      <line num="28" count="196" type="stmt"/>
      <line num="29" count="196" type="stmt"/>
      <line num="32" count="196" type="stmt"/>
      <line num="36" count="196" type="stmt"/>
      <line num="38" count="196" type="stmt"/>
    </file>
    <file name="routingEngine.ts" path="C:\Users\deepa\Downloads\CrowdGuard-AI\src\lib\routingEngine.ts">
      <metrics statements="33" coveredstatements="33" conditionals="19" coveredconditionals="19" methods="8" coveredmethods="8"/>
      <line num="3" count="1" type="stmt"/>
      <line num="4" count="121" type="stmt"/>
      <line num="5" count="15" type="stmt"/>
      <line num="6" count="15" type="stmt"/>
      <line num="8" count="15" type="cond" truecount="3" falsecount="0"/>
      <line num="9" count="2" type="stmt"/>
      <line num="19" count="13" type="cond" truecount="2" falsecount="0"/>
      <line num="21" count="13" type="stmt"/>
      <line num="22" count="13" type="stmt"/>
      <line num="23" count="13" type="stmt"/>
      <line num="26" count="13" type="cond" truecount="1" falsecount="0"/>
      <line num="27" count="4" type="stmt"/>
      <line num="28" count="4" type="stmt"/>
      <line num="31" count="32" type="stmt"/>
      <line num="32" count="12" type="cond" truecount="2" falsecount="0"/>
      <line num="34" count="4" type="cond" truecount="2" falsecount="0"/>
      <line num="35" count="3" type="stmt"/>
      <line num="36" count="3" type="stmt"/>
      <line num="38" count="1" type="stmt"/>
      <line num="39" count="1" type="stmt"/>
      <line num="50" count="12" type="stmt"/>
      <line num="53" count="12" type="cond" truecount="3" falsecount="0"/>
      <line num="54" count="96" type="stmt"/>
      <line num="55" count="12" type="cond" truecount="2" falsecount="0"/>
      <line num="57" count="12" type="cond" truecount="1" falsecount="0"/>
      <line num="58" count="12" type="stmt"/>
      <line num="63" count="12" type="cond" truecount="1" falsecount="0"/>
      <line num="64" count="11" type="stmt"/>
      <line num="68" count="12" type="stmt"/>
      <line num="69" count="12" type="cond" truecount="2" falsecount="0"/>
      <line num="70" count="3" type="stmt"/>
      <line num="74" count="9" type="stmt"/>
      <line num="78" count="12" type="stmt"/>
    </file>
  </project>
</coverage>
