{"C:\\Users\\deepa\\Downloads\\CrowdGuard-AI\\src\\lib\\mockApi.ts": {"path":"C:\\Users\\deepa\\Downloads\\CrowdGuard-AI\\src\\lib\\mockApi.ts","statementMap":{"0":{"start":{"line":3,"column":13},"end":{"line":12,"column":2}},"1":{"start":{"line":14,"column":36},"end":{"line":19,"column":1}},"2":{"start":{"line":15,"column":2},"end":{"line":15,"column":32}},"3":{"start":{"line":15,"column":14},"end":{"line":15,"column":32}},"4":{"start":{"line":16,"column":2},"end":{"line":16,"column":35}},"5":{"start":{"line":16,"column":20},"end":{"line":16,"column":35}},"6":{"start":{"line":17,"column":2},"end":{"line":17,"column":38}},"7":{"start":{"line":17,"column":20},"end":{"line":17,"column":38}},"8":{"start":{"line":18,"column":2},"end":{"line":18,"column":21}},"9":{"start":{"line":14,"column":13},"end":{"line":14,"column":36}},"10":{"start":{"line":21,"column":33},"end":{"line":45,"column":1}},"11":{"start":{"line":22,"column":2},"end":{"line":44,"column":5}},"12":{"start":{"line":24,"column":4},"end":{"line":26,"column":5}},"13":{"start":{"line":25,"column":6},"end":{"line":25,"column":184}},"14":{"start":{"line":28,"column":22},"end":{"line":28,"column":56}},"15":{"start":{"line":29,"column":21},"end":{"line":29,"column":75}},"16":{"start":{"line":32,"column":22},"end":{"line":32,"column":63}},"17":{"start":{"line":36,"column":19},"end":{"line":36,"column":30}},"18":{"start":{"line":38,"column":4},"end":{"line":42,"column":null}},"19":{"start":{"line":21,"column":13},"end":{"line":21,"column":33}}},"fnMap":{"0":{"name":"(anonymous_0)","decl":{"start":{"line":14,"column":36},"end":{"line":14,"column":37}},"loc":{"start":{"line":14,"column":85},"end":{"line":19,"column":1}}},"1":{"name":"(anonymous_1)","decl":{"start":{"line":21,"column":33},"end":{"line":21,"column":34}},"loc":{"start":{"line":21,"column":140},"end":{"line":45,"column":1}}},"2":{"name":"(anonymous_2)","decl":{"start":{"line":22,"column":25},"end":{"line":22,"column":29}},"loc":{"start":{"line":22,"column":32},"end":{"line":44,"column":3}}}},"branchMap":{"0":{"loc":{"start":{"line":15,"column":2},"end":{"line":15,"column":32}},"type":"if","locations":[{"start":{"line":15,"column":2},"end":{"line":15,"column":32}}]},"1":{"loc":{"start":{"line":16,"column":2},"end":{"line":16,"column":35}},"type":"if","locations":[{"start":{"line":16,"column":2},"end":{"line":16,"column":35}}]},"2":{"loc":{"start":{"line":17,"column":2},"end":{"line":17,"column":38}},"type":"if","locations":[{"start":{"line":17,"column":2},"end":{"line":17,"column":38}}]},"3":{"loc":{"start":{"line":24,"column":4},"end":{"line":26,"column":5}},"type":"if","locations":[{"start":{"line":24,"column":4},"end":{"line":26,"column":5}}]},"4":{"loc":{"start":{"line":25,"column":82},"end":{"line":25,"column":131}},"type":"cond-expr","locations":[{"start":{"line":25,"column":115},"end":{"line":25,"column":119}},{"start":{"line":25,"column":119},"end":{"line":25,"column":131}}]},"5":{"loc":{"start":{"line":25,"column":82},"end":{"line":25,"column":119}},"type":"binary-expr","locations":[{"start":{"line":25,"column":82},"end":{"line":25,"column":119}},{"start":{"line":25,"column":115},"end":{"line":25,"column":119}}]},"6":{"loc":{"start":{"line":25,"column":82},"end":{"line":25,"column":115}},"type":"cond-expr","locations":[{"start":{"line":25,"column":106},"end":{"line":25,"column":108}},{"start":{"line":25,"column":106},"end":{"line":25,"column":115}}]},"7":{"loc":{"start":{"line":25,"column":82},"end":{"line":25,"column":108}},"type":"binary-expr","locations":[{"start":{"line":25,"column":82},"end":{"line":25,"column":108}},{"start":{"line":25,"column":106},"end":{"line":25,"column":108}}]},"8":{"loc":{"start":{"line":25,"column":133},"end":{"line":25,"column":180}},"type":"cond-expr","locations":[{"start":{"line":25,"column":165},"end":{"line":25,"column":169}},{"start":{"line":25,"column":169},"end":{"line":25,"column":180}}]},"9":{"loc":{"start":{"line":25,"column":133},"end":{"line":25,"column":169}},"type":"binary-expr","locations":[{"start":{"line":25,"column":133},"end":{"line":25,"column":169}},{"start":{"line":25,"column":165},"end":{"line":25,"column":169}}]},"10":{"loc":{"start":{"line":25,"column":133},"end":{"line":25,"column":165}},"type":"cond-expr","locations":[{"start":{"line":25,"column":157},"end":{"line":25,"column":159}},{"start":{"line":25,"column":157},"end":{"line":25,"column":165}}]},"11":{"loc":{"start":{"line":25,"column":133},"end":{"line":25,"column":159}},"type":"binary-expr","locations":[{"start":{"line":25,"column":133},"end":{"line":25,"column":159}},{"start":{"line":25,"column":157},"end":{"line":25,"column":159}}]}},"s":{"0":1,"1":1,"2":211,"3":30,"4":181,"5":99,"6":82,"7":52,"8":30,"9":1,"10":1,"11":25,"12":200,"13":4,"14":196,"15":196,"16":196,"17":196,"18":196,"19":1},"f":{"0":211,"1":25,"2":200},"b":{"0":[30],"1":[99],"2":[52],"3":[4],"4":[4,0],"5":[4,4],"6":[0,4],"7":[4,4],"8":[3,1],"9":[4,4],"10":[0,4],"11":[4,4]}}
,"C:\\Users\\deepa\\Downloads\\CrowdGuard-AI\\src\\lib\\routingEngine.ts": {"path":"C:\\Users\\deepa\\Downloads\\CrowdGuard-AI\\src\\lib\\routingEngine.ts","statementMap":{"0":{"start":{"line":3,"column":28},"end":{"line":85,"column":1}},"1":{"start":{"line":4,"column":18},"end":{"line":4,"column":66}},"2":{"start":{"line":4,"column":34},"end":{"line":4,"column":66}},"3":{"start":{"line":4,"column":54},"end":{"line":4,"column":65}},"4":{"start":{"line":5,"column":20},"end":{"line":5,"column":37}},"5":{"start":{"line":6,"column":18},"end":{"line":6,"column":38}},"6":{"start":{"line":8,"column":2},"end":{"line":16,"column":3}},"7":{"start":{"line":9,"column":4},"end":{"line":15,"column":6}},"8":{"start":{"line":19,"column":23},"end":{"line":19,"column":61}},"9":{"start":{"line":21,"column":19},"end":{"line":21,"column":26}},"10":{"start":{"line":22,"column":24},"end":{"line":22,"column":49}},"11":{"start":{"line":23,"column":23},"end":{"line":23,"column":80}},"12":{"start":{"line":26,"column":2},"end":{"line":47,"column":3}},"13":{"start":{"line":27,"column":4},"end":{"line":27,"column":140}},"14":{"start":{"line":28,"column":4},"end":{"line":28,"column":56}},"15":{"start":{"line":31,"column":18},"end":{"line":31,"column":65}},"16":{"start":{"line":31,"column":40},"end":{"line":31,"column":64}},"17":{"start":{"line":32,"column":22},"end":{"line":32,"column":107}},"18":{"start":{"line":32,"column":40},"end":{"line":32,"column":68}},"19":{"start":{"line":32,"column":85},"end":{"line":32,"column":106}},"20":{"start":{"line":34,"column":4},"end":{"line":46,"column":5}},"21":{"start":{"line":35,"column":6},"end":{"line":35,"column":32}},"22":{"start":{"line":36,"column":6},"end":{"line":36,"column":75}},"23":{"start":{"line":38,"column":6},"end":{"line":38,"column":89}},"24":{"start":{"line":39,"column":6},"end":{"line":45,"column":null}},"25":{"start":{"line":50,"column":32},"end":{"line":50,"column":48}},"26":{"start":{"line":53,"column":2},"end":{"line":60,"column":3}},"27":{"start":{"line":54,"column":26},"end":{"line":54,"column":78}},"28":{"start":{"line":54,"column":48},"end":{"line":54,"column":77}},"29":{"start":{"line":55,"column":30},"end":{"line":55,"column":85}},"30":{"start":{"line":55,"column":56},"end":{"line":55,"column":84}},"31":{"start":{"line":57,"column":4},"end":{"line":59,"column":5}},"32":{"start":{"line":58,"column":6},"end":{"line":58,"column":50}},"33":{"start":{"line":63,"column":2},"end":{"line":65,"column":3}},"34":{"start":{"line":64,"column":4},"end":{"line":64,"column":38}},"35":{"start":{"line":68,"column":18},"end":{"line":68,"column":19}},"36":{"start":{"line":69,"column":2},"end":{"line":75,"column":3}},"37":{"start":{"line":70,"column":4},"end":{"line":70,"column":76}},"38":{"start":{"line":74,"column":4},"end":{"line":74,"column":18}},"39":{"start":{"line":78,"column":2},"end":{"line":84,"column":4}},"40":{"start":{"line":3,"column":13},"end":{"line":3,"column":28}}},"fnMap":{"0":{"name":"(anonymous_0)","decl":{"start":{"line":3,"column":28},"end":{"line":3,"column":29}},"loc":{"start":{"line":3,"column":113},"end":{"line":85,"column":1}}},"1":{"name":"(anonymous_1)","decl":{"start":{"line":4,"column":18},"end":{"line":4,"column":19}},"loc":{"start":{"line":4,"column":34},"end":{"line":4,"column":66}}},"2":{"name":"(anonymous_2)","decl":{"start":{"line":4,"column":49},"end":{"line":4,"column":50}},"loc":{"start":{"line":4,"column":54},"end":{"line":4,"column":65}}},"3":{"name":"(anonymous_3)","decl":{"start":{"line":31,"column":35},"end":{"line":31,"column":36}},"loc":{"start":{"line":31,"column":40},"end":{"line":31,"column":64}}},"4":{"name":"(anonymous_4)","decl":{"start":{"line":32,"column":35},"end":{"line":32,"column":36}},"loc":{"start":{"line":32,"column":40},"end":{"line":32,"column":68}}},"5":{"name":"(anonymous_5)","decl":{"start":{"line":32,"column":75},"end":{"line":32,"column":76}},"loc":{"start":{"line":32,"column":85},"end":{"line":32,"column":106}}},"6":{"name":"(anonymous_6)","decl":{"start":{"line":54,"column":43},"end":{"line":54,"column":44}},"loc":{"start":{"line":54,"column":48},"end":{"line":54,"column":77}}},"7":{"name":"(anonymous_7)","decl":{"start":{"line":55,"column":51},"end":{"line":55,"column":52}},"loc":{"start":{"line":55,"column":56},"end":{"line":55,"column":84}}}},"branchMap":{"0":{"loc":{"start":{"line":8,"column":2},"end":{"line":16,"column":3}},"type":"if","locations":[{"start":{"line":8,"column":2},"end":{"line":16,"column":3}}]},"1":{"loc":{"start":{"line":8,"column":6},"end":{"line":8,"column":28}},"type":"binary-expr","locations":[{"start":{"line":8,"column":6},"end":{"line":8,"column":16}},{"start":{"line":8,"column":20},"end":{"line":8,"column":28}}]},"2":{"loc":{"start":{"line":19,"column":23},"end":{"line":19,"column":61}},"type":"binary-expr","locations":[{"start":{"line":19,"column":23},"end":{"line":19,"column":43}},{"start":{"line":19,"column":47},"end":{"line":19,"column":61}}]},"3":{"loc":{"start":{"line":26,"column":2},"end":{"line":47,"column":3}},"type":"if","locations":[{"start":{"line":26,"column":2},"end":{"line":47,"column":3}}]},"4":{"loc":{"start":{"line":32,"column":40},"end":{"line":32,"column":68}},"type":"binary-expr","locations":[{"start":{"line":32,"column":40},"end":{"line":32,"column":55}},{"start":{"line":32,"column":59},"end":{"line":32,"column":68}}]},"5":{"loc":{"start":{"line":34,"column":4},"end":{"line":46,"column":5}},"type":"if","locations":[{"start":{"line":34,"column":4},"end":{"line":46,"column":5}},{"start":{"line":37,"column":11},"end":{"line":46,"column":5}}]},"6":{"loc":{"start":{"line":53,"column":2},"end":{"line":60,"column":3}},"type":"if","locations":[{"start":{"line":53,"column":2},"end":{"line":60,"column":3}}]},"7":{"loc":{"start":{"line":53,"column":6},"end":{"line":53,"column":81}},"type":"binary-expr","locations":[{"start":{"line":53,"column":6},"end":{"line":53,"column":41}},{"start":{"line":53,"column":45},"end":{"line":53,"column":81}}]},"8":{"loc":{"start":{"line":55,"column":56},"end":{"line":55,"column":84}},"type":"binary-expr","locations":[{"start":{"line":55,"column":56},"end":{"line":55,"column":71}},{"start":{"line":55,"column":75},"end":{"line":55,"column":84}}]},"9":{"loc":{"start":{"line":57,"column":4},"end":{"line":59,"column":5}},"type":"if","locations":[{"start":{"line":57,"column":4},"end":{"line":59,"column":5}}]},"10":{"loc":{"start":{"line":63,"column":2},"end":{"line":65,"column":3}},"type":"if","locations":[{"start":{"line":63,"column":2},"end":{"line":65,"column":3}}]},"11":{"loc":{"start":{"line":69,"column":2},"end":{"line":75,"column":3}},"type":"if","locations":[{"start":{"line":69,"column":2},"end":{"line":75,"column":3}},{"start":{"line":72,"column":9},"end":{"line":75,"column":3}}]}},"s":{"0":1,"1":15,"2":30,"3":121,"4":15,"5":15,"6":15,"7":2,"8":13,"9":13,"10":13,"11":13,"12":13,"13":4,"14":4,"15":4,"16":32,"17":4,"18":12,"19":2,"20":4,"21":3,"22":3,"23":1,"24":1,"25":12,"26":12,"27":12,"28":96,"29":12,"30":12,"31":12,"32":12,"33":12,"34":11,"35":12,"36":12,"37":3,"38":9,"39":12,"40":1},"f":{"0":15,"1":30,"2":121,"3":32,"4":12,"5":2,"6":96,"7":12},"b":{"0":[2],"1":[15,14],"2":[13,9],"3":[4],"4":[12,5],"5":[3,1],"6":[12],"7":[12,12],"8":[12,12],"9":[12],"10":[11],"11":[3,9]}}
}
