TN:
SF:src\lib\mockApi.ts
FN:14,(anonymous_0)
FN:21,(anonymous_1)
FN:22,(anonymous_2)
FNF:3
FNH:3
FNDA:211,(anonymous_0)
FNDA:25,(anonymous_1)
FNDA:200,(anonymous_2)
DA:3,1
DA:14,1
DA:15,211
DA:16,181
DA:17,82
DA:18,30
DA:21,1
DA:22,25
DA:24,200
DA:25,4
DA:28,196
DA:29,196
DA:32,196
DA:36,196
DA:38,196
LF:15
LH:15
BRDA:15,0,0,30
BRDA:16,1,0,99
BRDA:17,2,0,52
BRDA:24,3,0,4
BRDA:25,4,0,4
BRDA:25,4,1,0
BRDA:25,5,0,4
BRDA:25,5,1,4
BRDA:25,6,0,0
BRDA:25,6,1,4
BRDA:25,7,0,4
BRDA:25,7,1,4
BRDA:25,8,0,3
BRDA:25,8,1,1
BRDA:25,9,0,4
BRDA:25,9,1,4
BRDA:25,10,0,0
BRDA:25,10,1,4
BRDA:25,11,0,4
BRDA:25,11,1,4
BRF:20
BRH:17
end_of_record
TN:
SF:src\lib\routingEngine.ts
FN:3,(anonymous_0)
FN:4,(anonymous_1)
FN:4,(anonymous_2)
FN:31,(anonymous_3)
FN:32,(anonymous_4)
FN:32,(anonymous_5)
FN:54,(anonymous_6)
FN:55,(anonymous_7)
FNF:8
FNH:8
FNDA:15,(anonymous_0)
FNDA:30,(anonymous_1)
FNDA:121,(anonymous_2)
FNDA:32,(anonymous_3)
FNDA:12,(anonymous_4)
FNDA:2,(anonymous_5)
FNDA:96,(anonymous_6)
FNDA:12,(anonymous_7)
DA:3,1
DA:4,121
DA:5,15
DA:6,15
DA:8,15
DA:9,2
DA:19,13
DA:21,13
DA:22,13
DA:23,13
DA:26,13
DA:27,4
DA:28,4
DA:31,32
DA:32,12
DA:34,4
DA:35,3
DA:36,3
DA:38,1
DA:39,1
DA:50,12
DA:53,12
DA:54,96
DA:55,12
DA:57,12
DA:58,12
DA:63,12
DA:64,11
DA:68,12
DA:69,12
DA:70,3
DA:74,9
DA:78,12
LF:33
LH:33
BRDA:8,0,0,2
BRDA:8,1,0,15
BRDA:8,1,1,14
BRDA:19,2,0,13
BRDA:19,2,1,9
BRDA:26,3,0,4
BRDA:32,4,0,12
BRDA:32,4,1,5
BRDA:34,5,0,3
BRDA:34,5,1,1
BRDA:53,6,0,12
BRDA:53,7,0,12
BRDA:53,7,1,12
BRDA:55,8,0,12
BRDA:55,8,1,12
BRDA:57,9,0,12
BRDA:63,10,0,11
BRDA:69,11,0,3
BRDA:69,11,1,9
BRF:19
BRH:19
end_of_record
